[ 2015-08-09T22:15:21+08:00 ] 127.0.0.1 /adminrightlist/index.php
INFO: [ app_begin ] --START--
INFO: Run ReadHtmlCache Behavior [ RunTime:0.002213s ]
INFO: [ app_begin ] --END-- [ RunTime:0.002415s ]
NOTIC: [8] Undefined index: departid D:\wamp\apps\adminrightlist\web\Lib\Action\indexAction.class.php 第 13 行.
NOTIC: [8] Undefined index: classid D:\wamp\apps\adminrightlist\web\Lib\Action\indexAction.class.php 第 14 行.
NOTIC: [8] Undefined index: projectname D:\wamp\apps\adminrightlist\web\Lib\Action\indexAction.class.php 第 15 行.
SQL: SHOW COLUMNS FROM `jee_depart` [ RunTime:0.003262s ]
SQL: SELECT * FROM `jee_depart`  [ RunTime:0.000888s ]
SQL: SHOW COLUMNS FROM `jee_class` [ RunTime:0.003535s ]
SQL: SELECT * FROM `jee_class`  [ RunTime:0.000675s ]
SQL: SHOW COLUMNS FROM `jee_adminright` [ RunTime:0.003157s ]
SQL: SELECT COUNT(*) AS tp_count FROM `jee_adminright` WHERE (  (`parentid` IS NULL)  ) LIMIT 1   [ RunTime:0.000473s ]
NOTIC: [2] Missing argument 2 for CommonAction::pagebar(), called in D:\wamp\apps\adminrightlist\web\Lib\Action\indexAction.class.php on line 88 and defined D:\wamp\apps\adminrightlist\web\Lib\Action\CommonAction.class.php 第 163 行.
NOTIC: [8] Undefined variable: pagesize D:\wamp\apps\adminrightlist\web\Lib\Action\CommonAction.class.php 第 166 行.
SQL: SELECT jee_adminright.*,(select count(1) from jee_adminright a where a.parentid=jee_adminright.id ) as haschild,(select names from jee_depart a where a.id=jee_adminright.departid ) as departname FROM `jee_adminright` WHERE (  (`parentid` IS NULL)  ) ORDER BY id asc LIMIT 0,20   [ RunTime:0.001345s ]
SQL: SELECT jee_adminright.*,(select count(1) from jee_adminright a where a.parentid=jee_adminright.id ) as haschild,(select names from jee_depart a where a.id=jee_adminright.departid ) as departname FROM `jee_adminright` WHERE ( `parentid` = 1 ) ORDER BY id asc  [ RunTime:0.001572s ]
SQL: SELECT jee_adminright.*,(select count(1) from jee_adminright a where a.parentid=jee_adminright.id ) as haschild,(select names from jee_depart a where a.id=jee_adminright.departid ) as departname FROM `jee_adminright` WHERE ( `parentid` = 2 ) ORDER BY id asc  [ RunTime:0.000742s ]
SQL: SELECT jee_adminright.*,(select count(1) from jee_adminright a where a.parentid=jee_adminright.id ) as haschild,(select names from jee_depart a where a.id=jee_adminright.departid ) as departname FROM `jee_adminright` WHERE ( `parentid` = 5 ) ORDER BY id asc  [ RunTime:0.000642s ]
SQL: SELECT jee_adminright.*,(select count(1) from jee_adminright a where a.parentid=jee_adminright.id ) as haschild,(select names from jee_depart a where a.id=jee_adminright.departid ) as departname FROM `jee_adminright` WHERE ( `parentid` = 17 ) ORDER BY id asc  [ RunTime:0.000474s ]
SQL: SELECT jee_adminright.*,(select count(1) from jee_adminright a where a.parentid=jee_adminright.id ) as haschild,(select names from jee_depart a where a.id=jee_adminright.departid ) as departname FROM `jee_adminright` WHERE ( `parentid` = 19 ) ORDER BY id asc  [ RunTime:0.000598s ]
SQL: SELECT jee_adminright.*,(select count(1) from jee_adminright a where a.parentid=jee_adminright.id ) as haschild,(select names from jee_depart a where a.id=jee_adminright.departid ) as departname FROM `jee_adminright` WHERE ( `parentid` = 35 ) ORDER BY id asc  [ RunTime:0.000659s ]
SQL: SELECT jee_adminright.*,(select count(1) from jee_adminright a where a.parentid=jee_adminright.id ) as haschild,(select names from jee_depart a where a.id=jee_adminright.departid ) as departname FROM `jee_adminright` WHERE ( `parentid` = 38 ) ORDER BY id asc  [ RunTime:0.000565s ]
INFO: [ view_template ] --START--
INFO: Run LocationTemplate Behavior [ RunTime:0.000983s ]
INFO: [ view_template ] --END-- [ RunTime:0.001115s ]
INFO: [ view_parse ] --START--
NOTIC: [2] explode() expects parameter 2 to be string, array given D:\wamp\apps\adminrightlist\Core\Lib\Template\TagLib.class.php 第 91 行.
NOTIC: [2] Invalid argument supplied for foreach() D:\wamp\apps\adminrightlist\Core\Lib\Template\TagLib.class.php 第 97 行.
NOTIC: [2] explode() expects parameter 2 to be string, array given D:\wamp\apps\adminrightlist\Core\Lib\Template\TagLib.class.php 第 91 行.
NOTIC: [2] Invalid argument supplied for foreach() D:\wamp\apps\adminrightlist\Core\Lib\Template\TagLib.class.php 第 97 行.
NOTIC: [8] Undefined index: haschild D:\wamp\apps\adminrightlist\Cache\web\Cache\bdce314cff21ffbe05a2338928593332.php 第 119 行.
NOTIC: [8] Undefined index: haschild D:\wamp\apps\adminrightlist\Cache\web\Cache\bdce314cff21ffbe05a2338928593332.php 第 119 行.
NOTIC: [8] Undefined index: haschild D:\wamp\apps\adminrightlist\Cache\web\Cache\bdce314cff21ffbe05a2338928593332.php 第 119 行.
NOTIC: [8] Undefined index: haschild D:\wamp\apps\adminrightlist\Cache\web\Cache\bdce314cff21ffbe05a2338928593332.php 第 119 行.
NOTIC: [8] Undefined index: haschild D:\wamp\apps\adminrightlist\Cache\web\Cache\bdce314cff21ffbe05a2338928593332.php 第 119 行.
NOTIC: [8] Undefined index: haschild D:\wamp\apps\adminrightlist\Cache\web\Cache\bdce314cff21ffbe05a2338928593332.php 第 119 行.
NOTIC: [8] Undefined index: haschild D:\wamp\apps\adminrightlist\Cache\web\Cache\bdce314cff21ffbe05a2338928593332.php 第 119 行.
NOTIC: [8] Undefined index: haschild D:\wamp\apps\adminrightlist\Cache\web\Cache\bdce314cff21ffbe05a2338928593332.php 第 119 行.
NOTIC: [8] Undefined index: haschild D:\wamp\apps\adminrightlist\Cache\web\Cache\bdce314cff21ffbe05a2338928593332.php 第 119 行.
NOTIC: [8] Undefined index: haschild D:\wamp\apps\adminrightlist\Cache\web\Cache\bdce314cff21ffbe05a2338928593332.php 第 119 行.
NOTIC: [8] Undefined index: haschild D:\wamp\apps\adminrightlist\Cache\web\Cache\bdce314cff21ffbe05a2338928593332.php 第 119 行.
NOTIC: [8] Undefined index: haschild D:\wamp\apps\adminrightlist\Cache\web\Cache\bdce314cff21ffbe05a2338928593332.php 第 119 行.
NOTIC: [8] Undefined index: haschild D:\wamp\apps\adminrightlist\Cache\web\Cache\bdce314cff21ffbe05a2338928593332.php 第 119 行.
NOTIC: [8] Undefined index: haschild D:\wamp\apps\adminrightlist\Cache\web\Cache\bdce314cff21ffbe05a2338928593332.php 第 119 行.
INFO: Run ParseTemplate Behavior [ RunTime:0.050928s ]
INFO: [ view_parse ] --END-- [ RunTime:0.051090s ]
INFO: [ view_filter ] --START--
INFO: Run ContentReplace Behavior [ RunTime:0.001085s ]
INFO: Run TokenBuild Behavior [ RunTime:0.000936s ]
INFO: Run WriteHtmlCache Behavior [ RunTime:0.000585s ]
INFO: Run ShowRuntime Behavior [ RunTime:0.001025s ]
INFO: [ view_filter ] --END-- [ RunTime:0.004165s ]
INFO: [ view_end ] --START--
INFO: Run ShowPageTrace Behavior [ RunTime:0.003433s ]
INFO: [ view_end ] --END-- [ RunTime:0.003616s ]

[ 2015-08-09T22:15:26+08:00 ] 127.0.0.1 /adminrightlist/index.php/index/index/classid/824
INFO: [ route_check ] --START--
INFO: Run CheckRoute Behavior [ RunTime:0.000891s ]
INFO: [ route_check ] --END-- [ RunTime:0.001005s ]
INFO: [ app_begin ] --START--
INFO: Run ReadHtmlCache Behavior [ RunTime:0.000562s ]
INFO: [ app_begin ] --END-- [ RunTime:0.000677s ]
NOTIC: [8] Undefined index: departid D:\wamp\apps\adminrightlist\web\Lib\Action\indexAction.class.php 第 13 行.
NOTIC: [8] Undefined index: projectname D:\wamp\apps\adminrightlist\web\Lib\Action\indexAction.class.php 第 15 行.
SQL: SHOW COLUMNS FROM `jee_depart` [ RunTime:0.002651s ]
SQL: SELECT * FROM `jee_depart`  [ RunTime:0.001155s ]
SQL: SHOW COLUMNS FROM `jee_class` [ RunTime:0.007074s ]
SQL: SELECT * FROM `jee_class`  [ RunTime:0.000509s ]
SQL: SHOW COLUMNS FROM `jee_adminright` [ RunTime:0.005489s ]
SQL: SELECT COUNT(*) AS tp_count FROM `jee_adminright` WHERE ( `classcode` = '824' ) AND (  (`parentid` IS NULL)  ) LIMIT 1   [ RunTime:0.000486s ]
NOTIC: [2] Missing argument 2 for CommonAction::pagebar(), called in D:\wamp\apps\adminrightlist\web\Lib\Action\indexAction.class.php on line 88 and defined D:\wamp\apps\adminrightlist\web\Lib\Action\CommonAction.class.php 第 163 行.
NOTIC: [8] Undefined variable: pagesize D:\wamp\apps\adminrightlist\web\Lib\Action\CommonAction.class.php 第 166 行.
SQL: SELECT jee_adminright.*,(select count(1) from jee_adminright a where a.parentid=jee_adminright.id ) as haschild,(select names from jee_depart a where a.id=jee_adminright.departid ) as departname FROM `jee_adminright` WHERE ( `classcode` = '824' ) AND (  (`parentid` IS NULL)  ) ORDER BY id asc LIMIT 0,20   [ RunTime:0.000523s ]
NOTIC: [2] Invalid argument supplied for foreach() D:\wamp\apps\adminrightlist\web\Lib\Action\indexAction.class.php 第 91 行.
INFO: [ view_template ] --START--
INFO: Run LocationTemplate Behavior [ RunTime:0.000523s ]
INFO: [ view_template ] --END-- [ RunTime:0.000623s ]
INFO: [ view_parse ] --START--
NOTIC: [2] explode() expects parameter 2 to be string, array given D:\wamp\apps\adminrightlist\Core\Lib\Template\TagLib.class.php 第 91 行.
NOTIC: [2] Invalid argument supplied for foreach() D:\wamp\apps\adminrightlist\Core\Lib\Template\TagLib.class.php 第 97 行.
NOTIC: [2] explode() expects parameter 2 to be string, array given D:\wamp\apps\adminrightlist\Core\Lib\Template\TagLib.class.php 第 91 行.
NOTIC: [2] Invalid argument supplied for foreach() D:\wamp\apps\adminrightlist\Core\Lib\Template\TagLib.class.php 第 97 行.
INFO: Run ParseTemplate Behavior [ RunTime:0.045786s ]
INFO: [ view_parse ] --END-- [ RunTime:0.045950s ]
INFO: [ view_filter ] --START--
INFO: Run ContentReplace Behavior [ RunTime:0.001189s ]
INFO: Run TokenBuild Behavior [ RunTime:0.000673s ]
INFO: Run WriteHtmlCache Behavior [ RunTime:0.002420s ]
INFO: Run ShowRuntime Behavior [ RunTime:0.000792s ]
INFO: [ view_filter ] --END-- [ RunTime:0.005616s ]
INFO: [ view_end ] --START--
INFO: Run ShowPageTrace Behavior [ RunTime:0.000636s ]
INFO: [ view_end ] --END-- [ RunTime:0.000727s ]

[ 2015-08-09T22:15:27+08:00 ] 127.0.0.1 /adminrightlist/index.php/index/index/classid/images/line_bg.jpg
INFO: [ route_check ] --START--
INFO: Run CheckRoute Behavior [ RunTime:0.002360s ]
INFO: [ route_check ] --END-- [ RunTime:0.002677s ]
INFO: [ app_begin ] --START--
INFO: Run ReadHtmlCache Behavior [ RunTime:0.001062s ]
INFO: [ app_begin ] --END-- [ RunTime:0.001356s ]
NOTIC: [8] Undefined index: departid D:\wamp\apps\adminrightlist\web\Lib\Action\indexAction.class.php 第 13 行.
NOTIC: [8] Undefined index: projectname D:\wamp\apps\adminrightlist\web\Lib\Action\indexAction.class.php 第 15 行.
SQL: SHOW COLUMNS FROM `jee_depart` [ RunTime:0.004644s ]
SQL: SELECT * FROM `jee_depart`  [ RunTime:0.000716s ]
SQL: SHOW COLUMNS FROM `jee_class` [ RunTime:0.003546s ]
SQL: SELECT * FROM `jee_class`  [ RunTime:0.000465s ]
SQL: SHOW COLUMNS FROM `jee_adminright` [ RunTime:0.004486s ]
SQL: SELECT COUNT(*) AS tp_count FROM `jee_adminright` WHERE ( `classcode` = 'images' ) AND (  (`parentid` IS NULL)  ) LIMIT 1   [ RunTime:0.000678s ]
NOTIC: [2] Missing argument 2 for CommonAction::pagebar(), called in D:\wamp\apps\adminrightlist\web\Lib\Action\indexAction.class.php on line 88 and defined D:\wamp\apps\adminrightlist\web\Lib\Action\CommonAction.class.php 第 163 行.
NOTIC: [8] Undefined variable: pagesize D:\wamp\apps\adminrightlist\web\Lib\Action\CommonAction.class.php 第 166 行.
SQL: SELECT jee_adminright.*,(select count(1) from jee_adminright a where a.parentid=jee_adminright.id ) as haschild,(select names from jee_depart a where a.id=jee_adminright.departid ) as departname FROM `jee_adminright` WHERE ( `classcode` = 'images' ) AND (  (`parentid` IS NULL)  ) ORDER BY id asc LIMIT 0,20   [ RunTime:0.001489s ]
NOTIC: [2] Invalid argument supplied for foreach() D:\wamp\apps\adminrightlist\web\Lib\Action\indexAction.class.php 第 91 行.
INFO: [ view_template ] --START--
INFO: Run LocationTemplate Behavior [ RunTime:0.001560s ]
INFO: [ view_template ] --END-- [ RunTime:0.001751s ]
INFO: [ view_parse ] --START--
NOTIC: [2] explode() expects parameter 2 to be string, array given D:\wamp\apps\adminrightlist\Core\Lib\Template\TagLib.class.php 第 91 行.
NOTIC: [2] Invalid argument supplied for foreach() D:\wamp\apps\adminrightlist\Core\Lib\Template\TagLib.class.php 第 97 行.
NOTIC: [2] explode() expects parameter 2 to be string, array given D:\wamp\apps\adminrightlist\Core\Lib\Template\TagLib.class.php 第 91 行.
NOTIC: [2] Invalid argument supplied for foreach() D:\wamp\apps\adminrightlist\Core\Lib\Template\TagLib.class.php 第 97 行.
INFO: Run ParseTemplate Behavior [ RunTime:0.033249s ]
INFO: [ view_parse ] --END-- [ RunTime:0.033381s ]
INFO: [ view_filter ] --START--
INFO: Run ContentReplace Behavior [ RunTime:0.000772s ]
INFO: Run TokenBuild Behavior [ RunTime:0.000536s ]
INFO: Run WriteHtmlCache Behavior [ RunTime:0.000759s ]
INFO: Run ShowRuntime Behavior [ RunTime:0.000754s ]
INFO: [ view_filter ] --END-- [ RunTime:0.003208s ]
INFO: [ view_end ] --START--
INFO: Run ShowPageTrace Behavior [ RunTime:0.000613s ]
INFO: [ view_end ] --END-- [ RunTime:0.000707s ]

[ 2015-08-09T22:45:30+08:00 ] 127.0.0.1 /adminrightlist/index.php/index/index/departid/1001
INFO: [ route_check ] --START--
INFO: Run CheckRoute Behavior [ RunTime:0.000939s ]
INFO: [ route_check ] --END-- [ RunTime:0.001085s ]
INFO: [ app_begin ] --START--
INFO: Run ReadHtmlCache Behavior [ RunTime:0.000871s ]
INFO: [ app_begin ] --END-- [ RunTime:0.000985s ]
NOTIC: [8] Undefined index: classid D:\wamp\apps\adminrightlist\web\Lib\Action\indexAction.class.php 第 14 行.
NOTIC: [8] Undefined index: projectname D:\wamp\apps\adminrightlist\web\Lib\Action\indexAction.class.php 第 15 行.
SQL: SHOW COLUMNS FROM `jee_depart` [ RunTime:0.003136s ]
SQL: SELECT * FROM `jee_depart`  [ RunTime:0.000556s ]
SQL: SHOW COLUMNS FROM `jee_class` [ RunTime:0.004151s ]
SQL: SELECT * FROM `jee_class`  [ RunTime:0.000749s ]
SQL: SHOW COLUMNS FROM `jee_adminright` [ RunTime:0.003584s ]
SQL: SELECT COUNT(*) AS tp_count FROM `jee_adminright` WHERE ( `departid` = '1001' ) AND (  (`parentid` IS NULL)  ) LIMIT 1   [ RunTime:0.000408s ]
NOTIC: [2] Missing argument 2 for CommonAction::pagebar(), called in D:\wamp\apps\adminrightlist\web\Lib\Action\indexAction.class.php on line 88 and defined D:\wamp\apps\adminrightlist\web\Lib\Action\CommonAction.class.php 第 163 行.
NOTIC: [8] Undefined variable: pagesize D:\wamp\apps\adminrightlist\web\Lib\Action\CommonAction.class.php 第 166 行.
SQL: SELECT jee_adminright.*,(select count(1) from jee_adminright a where a.parentid=jee_adminright.id ) as haschild,(select names from jee_depart a where a.id=jee_adminright.departid ) as departname FROM `jee_adminright` WHERE ( `departid` = '1001' ) AND (  (`parentid` IS NULL)  ) ORDER BY id asc LIMIT 0,20   [ RunTime:0.000778s ]
SQL: SELECT jee_adminright.*,(select count(1) from jee_adminright a where a.parentid=jee_adminright.id ) as haschild,(select names from jee_depart a where a.id=jee_adminright.departid ) as departname FROM `jee_adminright` WHERE ( `parentid` = 2 ) ORDER BY id asc  [ RunTime:0.000464s ]
SQL: SELECT jee_adminright.*,(select count(1) from jee_adminright a where a.parentid=jee_adminright.id ) as haschild,(select names from jee_depart a where a.id=jee_adminright.departid ) as departname FROM `jee_adminright` WHERE ( `parentid` = 5 ) ORDER BY id asc  [ RunTime:0.000524s ]
INFO: [ view_template ] --START--
INFO: Run LocationTemplate Behavior [ RunTime:0.001119s ]
INFO: [ view_template ] --END-- [ RunTime:0.001221s ]
INFO: [ view_parse ] --START--
NOTIC: [2] explode() expects parameter 2 to be string, array given D:\wamp\apps\adminrightlist\Core\Lib\Template\TagLib.class.php 第 91 行.
NOTIC: [2] Invalid argument supplied for foreach() D:\wamp\apps\adminrightlist\Core\Lib\Template\TagLib.class.php 第 97 行.
NOTIC: [2] explode() expects parameter 2 to be string, array given D:\wamp\apps\adminrightlist\Core\Lib\Template\TagLib.class.php 第 91 行.
NOTIC: [2] Invalid argument supplied for foreach() D:\wamp\apps\adminrightlist\Core\Lib\Template\TagLib.class.php 第 97 行.
NOTIC: [8] Undefined index: haschild D:\wamp\apps\adminrightlist\Cache\web\Cache\bdce314cff21ffbe05a2338928593332.php 第 119 行.
NOTIC: [8] Undefined index: haschild D:\wamp\apps\adminrightlist\Cache\web\Cache\bdce314cff21ffbe05a2338928593332.php 第 119 行.
NOTIC: [8] Undefined index: haschild D:\wamp\apps\adminrightlist\Cache\web\Cache\bdce314cff21ffbe05a2338928593332.php 第 119 行.
NOTIC: [8] Undefined index: haschild D:\wamp\apps\adminrightlist\Cache\web\Cache\bdce314cff21ffbe05a2338928593332.php 第 119 行.
INFO: Run ParseTemplate Behavior [ RunTime:0.033986s ]
INFO: [ view_parse ] --END-- [ RunTime:0.034088s ]
INFO: [ view_filter ] --START--
INFO: Run ContentReplace Behavior [ RunTime:0.000781s ]
INFO: Run TokenBuild Behavior [ RunTime:0.000825s ]
INFO: Run WriteHtmlCache Behavior [ RunTime:0.000683s ]
INFO: Run ShowRuntime Behavior [ RunTime:0.000665s ]
INFO: [ view_filter ] --END-- [ RunTime:0.003305s ]
INFO: [ view_end ] --START--
INFO: Run ShowPageTrace Behavior [ RunTime:0.000732s ]
INFO: [ view_end ] --END-- [ RunTime:0.000841s ]

[ 2015-08-09T22:45:31+08:00 ] 127.0.0.1 /adminrightlist/index.php/index/index/departid/images/line_bg.jpg
INFO: [ route_check ] --START--
INFO: Run CheckRoute Behavior [ RunTime:0.001273s ]
INFO: [ route_check ] --END-- [ RunTime:0.001586s ]
INFO: [ app_begin ] --START--
INFO: Run ReadHtmlCache Behavior [ RunTime:0.001331s ]
INFO: [ app_begin ] --END-- [ RunTime:0.001651s ]
NOTIC: [8] Undefined index: classid D:\wamp\apps\adminrightlist\web\Lib\Action\indexAction.class.php 第 14 行.
NOTIC: [8] Undefined index: projectname D:\wamp\apps\adminrightlist\web\Lib\Action\indexAction.class.php 第 15 行.
SQL: SHOW COLUMNS FROM `jee_depart` [ RunTime:0.002567s ]
SQL: SELECT * FROM `jee_depart`  [ RunTime:0.000514s ]
SQL: SHOW COLUMNS FROM `jee_class` [ RunTime:0.002142s ]
SQL: SELECT * FROM `jee_class`  [ RunTime:0.000465s ]
SQL: SHOW COLUMNS FROM `jee_adminright` [ RunTime:0.003267s ]
SQL: SELECT COUNT(*) AS tp_count FROM `jee_adminright` WHERE ( `departid` = 'images' ) AND (  (`parentid` IS NULL)  ) LIMIT 1   [ RunTime:0.000611s ]
NOTIC: [2] Missing argument 2 for CommonAction::pagebar(), called in D:\wamp\apps\adminrightlist\web\Lib\Action\indexAction.class.php on line 88 and defined D:\wamp\apps\adminrightlist\web\Lib\Action\CommonAction.class.php 第 163 行.
NOTIC: [8] Undefined variable: pagesize D:\wamp\apps\adminrightlist\web\Lib\Action\CommonAction.class.php 第 166 行.
SQL: SELECT jee_adminright.*,(select count(1) from jee_adminright a where a.parentid=jee_adminright.id ) as haschild,(select names from jee_depart a where a.id=jee_adminright.departid ) as departname FROM `jee_adminright` WHERE ( `departid` = 'images' ) AND (  (`parentid` IS NULL)  ) ORDER BY id asc LIMIT 0,20   [ RunTime:0.000880s ]
NOTIC: [2] Invalid argument supplied for foreach() D:\wamp\apps\adminrightlist\web\Lib\Action\indexAction.class.php 第 91 行.
INFO: [ view_template ] --START--
INFO: Run LocationTemplate Behavior [ RunTime:0.001142s ]
INFO: [ view_template ] --END-- [ RunTime:0.001250s ]
INFO: [ view_parse ] --START--
NOTIC: [2] explode() expects parameter 2 to be string, array given D:\wamp\apps\adminrightlist\Core\Lib\Template\TagLib.class.php 第 91 行.
NOTIC: [2] Invalid argument supplied for foreach() D:\wamp\apps\adminrightlist\Core\Lib\Template\TagLib.class.php 第 97 行.
NOTIC: [2] explode() expects parameter 2 to be string, array given D:\wamp\apps\adminrightlist\Core\Lib\Template\TagLib.class.php 第 91 行.
NOTIC: [2] Invalid argument supplied for foreach() D:\wamp\apps\adminrightlist\Core\Lib\Template\TagLib.class.php 第 97 行.
INFO: Run ParseTemplate Behavior [ RunTime:0.032717s ]
INFO: [ view_parse ] --END-- [ RunTime:0.032827s ]
INFO: [ view_filter ] --START--
INFO: Run ContentReplace Behavior [ RunTime:0.000747s ]
INFO: Run TokenBuild Behavior [ RunTime:0.000491s ]
INFO: Run WriteHtmlCache Behavior [ RunTime:0.000391s ]
INFO: Run ShowRuntime Behavior [ RunTime:0.000583s ]
INFO: [ view_filter ] --END-- [ RunTime:0.002510s ]
INFO: [ view_end ] --START--
INFO: Run ShowPageTrace Behavior [ RunTime:0.000610s ]
INFO: [ view_end ] --END-- [ RunTime:0.000696s ]

[ 2015-08-09T22:45:32+08:00 ] 127.0.0.1 /adminrightlist/index.php/index/index/classid/823
INFO: [ route_check ] --START--
INFO: Run CheckRoute Behavior [ RunTime:0.000950s ]
INFO: [ route_check ] --END-- [ RunTime:0.001093s ]
INFO: [ app_begin ] --START--
INFO: Run ReadHtmlCache Behavior [ RunTime:0.000814s ]
INFO: [ app_begin ] --END-- [ RunTime:0.000958s ]
NOTIC: [8] Undefined index: departid D:\wamp\apps\adminrightlist\web\Lib\Action\indexAction.class.php 第 13 行.
NOTIC: [8] Undefined index: projectname D:\wamp\apps\adminrightlist\web\Lib\Action\indexAction.class.php 第 15 行.
SQL: SHOW COLUMNS FROM `jee_depart` [ RunTime:0.002403s ]
SQL: SELECT * FROM `jee_depart`  [ RunTime:0.000566s ]
SQL: SHOW COLUMNS FROM `jee_class` [ RunTime:0.002436s ]
SQL: SELECT * FROM `jee_class`  [ RunTime:0.000454s ]
SQL: SHOW COLUMNS FROM `jee_adminright` [ RunTime:0.004537s ]
SQL: SELECT COUNT(*) AS tp_count FROM `jee_adminright` WHERE ( `classcode` = '823' ) AND (  (`parentid` IS NULL)  ) LIMIT 1   [ RunTime:0.000624s ]
NOTIC: [2] Missing argument 2 for CommonAction::pagebar(), called in D:\wamp\apps\adminrightlist\web\Lib\Action\indexAction.class.php on line 88 and defined D:\wamp\apps\adminrightlist\web\Lib\Action\CommonAction.class.php 第 163 行.
NOTIC: [8] Undefined variable: pagesize D:\wamp\apps\adminrightlist\web\Lib\Action\CommonAction.class.php 第 166 行.
SQL: SELECT jee_adminright.*,(select count(1) from jee_adminright a where a.parentid=jee_adminright.id ) as haschild,(select names from jee_depart a where a.id=jee_adminright.departid ) as departname FROM `jee_adminright` WHERE ( `classcode` = '823' ) AND (  (`parentid` IS NULL)  ) ORDER BY id asc LIMIT 0,20   [ RunTime:0.000677s ]
SQL: SELECT jee_adminright.*,(select count(1) from jee_adminright a where a.parentid=jee_adminright.id ) as haschild,(select names from jee_depart a where a.id=jee_adminright.departid ) as departname FROM `jee_adminright` WHERE ( `parentid` = 17 ) ORDER BY id asc  [ RunTime:0.000495s ]
INFO: [ view_template ] --START--
INFO: Run LocationTemplate Behavior [ RunTime:0.000960s ]
INFO: [ view_template ] --END-- [ RunTime:0.001060s ]
INFO: [ view_parse ] --START--
NOTIC: [2] explode() expects parameter 2 to be string, array given D:\wamp\apps\adminrightlist\Core\Lib\Template\TagLib.class.php 第 91 行.
NOTIC: [2] Invalid argument supplied for foreach() D:\wamp\apps\adminrightlist\Core\Lib\Template\TagLib.class.php 第 97 行.
NOTIC: [2] explode() expects parameter 2 to be string, array given D:\wamp\apps\adminrightlist\Core\Lib\Template\TagLib.class.php 第 91 行.
NOTIC: [2] Invalid argument supplied for foreach() D:\wamp\apps\adminrightlist\Core\Lib\Template\TagLib.class.php 第 97 行.
NOTIC: [8] Undefined index: haschild D:\wamp\apps\adminrightlist\Cache\web\Cache\bdce314cff21ffbe05a2338928593332.php 第 119 行.
NOTIC: [8] Undefined index: haschild D:\wamp\apps\adminrightlist\Cache\web\Cache\bdce314cff21ffbe05a2338928593332.php 第 119 行.
INFO: Run ParseTemplate Behavior [ RunTime:0.032863s ]
INFO: [ view_parse ] --END-- [ RunTime:0.032965s ]
INFO: [ view_filter ] --START--
INFO: Run ContentReplace Behavior [ RunTime:0.000666s ]
INFO: Run TokenBuild Behavior [ RunTime:0.001029s ]
INFO: Run WriteHtmlCache Behavior [ RunTime:0.000481s ]
INFO: Run ShowRuntime Behavior [ RunTime:0.000560s ]
INFO: [ view_filter ] --END-- [ RunTime:0.003076s ]
INFO: [ view_end ] --START--
INFO: Run ShowPageTrace Behavior [ RunTime:0.000603s ]
INFO: [ view_end ] --END-- [ RunTime:0.000691s ]

[ 2015-08-09T22:45:32+08:00 ] 127.0.0.1 /adminrightlist/index.php/index/index/classid/images/line_bg.jpg
INFO: [ route_check ] --START--
INFO: Run CheckRoute Behavior [ RunTime:0.001561s ]
INFO: [ route_check ] --END-- [ RunTime:0.001789s ]
INFO: [ app_begin ] --START--
INFO: Run ReadHtmlCache Behavior [ RunTime:0.001570s ]
INFO: [ app_begin ] --END-- [ RunTime:0.001816s ]
NOTIC: [8] Undefined index: departid D:\wamp\apps\adminrightlist\web\Lib\Action\indexAction.class.php 第 13 行.
NOTIC: [8] Undefined index: projectname D:\wamp\apps\adminrightlist\web\Lib\Action\indexAction.class.php 第 15 行.
SQL: SHOW COLUMNS FROM `jee_depart` [ RunTime:0.003163s ]
SQL: SELECT * FROM `jee_depart`  [ RunTime:0.000693s ]
SQL: SHOW COLUMNS FROM `jee_class` [ RunTime:0.002249s ]
SQL: SELECT * FROM `jee_class`  [ RunTime:0.000515s ]
SQL: SHOW COLUMNS FROM `jee_adminright` [ RunTime:0.002659s ]
SQL: SELECT COUNT(*) AS tp_count FROM `jee_adminright` WHERE ( `classcode` = 'images' ) AND (  (`parentid` IS NULL)  ) LIMIT 1   [ RunTime:0.000316s ]
NOTIC: [2] Missing argument 2 for CommonAction::pagebar(), called in D:\wamp\apps\adminrightlist\web\Lib\Action\indexAction.class.php on line 88 and defined D:\wamp\apps\adminrightlist\web\Lib\Action\CommonAction.class.php 第 163 行.
NOTIC: [8] Undefined variable: pagesize D:\wamp\apps\adminrightlist\web\Lib\Action\CommonAction.class.php 第 166 行.
SQL: SELECT jee_adminright.*,(select count(1) from jee_adminright a where a.parentid=jee_adminright.id ) as haschild,(select names from jee_depart a where a.id=jee_adminright.departid ) as departname FROM `jee_adminright` WHERE ( `classcode` = 'images' ) AND (  (`parentid` IS NULL)  ) ORDER BY id asc LIMIT 0,20   [ RunTime:0.001001s ]
NOTIC: [2] Invalid argument supplied for foreach() D:\wamp\apps\adminrightlist\web\Lib\Action\indexAction.class.php 第 91 行.
INFO: [ view_template ] --START--
INFO: Run LocationTemplate Behavior [ RunTime:0.001922s ]
INFO: [ view_template ] --END-- [ RunTime:0.002237s ]
INFO: [ view_parse ] --START--
NOTIC: [2] explode() expects parameter 2 to be string, array given D:\wamp\apps\adminrightlist\Core\Lib\Template\TagLib.class.php 第 91 行.
NOTIC: [2] Invalid argument supplied for foreach() D:\wamp\apps\adminrightlist\Core\Lib\Template\TagLib.class.php 第 97 行.
NOTIC: [2] explode() expects parameter 2 to be string, array given D:\wamp\apps\adminrightlist\Core\Lib\Template\TagLib.class.php 第 91 行.
NOTIC: [2] Invalid argument supplied for foreach() D:\wamp\apps\adminrightlist\Core\Lib\Template\TagLib.class.php 第 97 行.
INFO: Run ParseTemplate Behavior [ RunTime:0.033990s ]
INFO: [ view_parse ] --END-- [ RunTime:0.034120s ]
INFO: [ view_filter ] --START--
INFO: Run ContentReplace Behavior [ RunTime:0.000645s ]
INFO: Run TokenBuild Behavior [ RunTime:0.000497s ]
INFO: Run WriteHtmlCache Behavior [ RunTime:0.000374s ]
INFO: Run ShowRuntime Behavior [ RunTime:0.000574s ]
INFO: [ view_filter ] --END-- [ RunTime:0.002344s ]
INFO: [ view_end ] --START--
INFO: Run ShowPageTrace Behavior [ RunTime:0.000631s ]
INFO: [ view_end ] --END-- [ RunTime:0.000724s ]

[ 2015-08-09T22:45:35+08:00 ] 127.0.0.1 /adminrightlist/index.php/index/index/classid/827
INFO: [ route_check ] --START--
INFO: Run CheckRoute Behavior [ RunTime:0.000934s ]
INFO: [ route_check ] --END-- [ RunTime:0.001080s ]
INFO: [ app_begin ] --START--
INFO: Run ReadHtmlCache Behavior [ RunTime:0.000724s ]
INFO: [ app_begin ] --END-- [ RunTime:0.000845s ]
NOTIC: [8] Undefined index: departid D:\wamp\apps\adminrightlist\web\Lib\Action\indexAction.class.php 第 13 行.
NOTIC: [8] Undefined index: projectname D:\wamp\apps\adminrightlist\web\Lib\Action\indexAction.class.php 第 15 行.
SQL: SHOW COLUMNS FROM `jee_depart` [ RunTime:0.002391s ]
SQL: SELECT * FROM `jee_depart`  [ RunTime:0.000617s ]
SQL: SHOW COLUMNS FROM `jee_class` [ RunTime:0.002329s ]
SQL: SELECT * FROM `jee_class`  [ RunTime:0.000437s ]
SQL: SHOW COLUMNS FROM `jee_adminright` [ RunTime:0.002509s ]
SQL: SELECT COUNT(*) AS tp_count FROM `jee_adminright` WHERE ( `classcode` = '827' ) AND (  (`parentid` IS NULL)  ) LIMIT 1   [ RunTime:0.000375s ]
NOTIC: [2] Missing argument 2 for CommonAction::pagebar(), called in D:\wamp\apps\adminrightlist\web\Lib\Action\indexAction.class.php on line 88 and defined D:\wamp\apps\adminrightlist\web\Lib\Action\CommonAction.class.php 第 163 行.
NOTIC: [8] Undefined variable: pagesize D:\wamp\apps\adminrightlist\web\Lib\Action\CommonAction.class.php 第 166 行.
SQL: SELECT jee_adminright.*,(select count(1) from jee_adminright a where a.parentid=jee_adminright.id ) as haschild,(select names from jee_depart a where a.id=jee_adminright.departid ) as departname FROM `jee_adminright` WHERE ( `classcode` = '827' ) AND (  (`parentid` IS NULL)  ) ORDER BY id asc LIMIT 0,20   [ RunTime:0.000486s ]
NOTIC: [2] Invalid argument supplied for foreach() D:\wamp\apps\adminrightlist\web\Lib\Action\indexAction.class.php 第 91 行.
INFO: [ view_template ] --START--
INFO: Run LocationTemplate Behavior [ RunTime:0.000973s ]
INFO: [ view_template ] --END-- [ RunTime:0.001078s ]
INFO: [ view_parse ] --START--
NOTIC: [2] explode() expects parameter 2 to be string, array given D:\wamp\apps\adminrightlist\Core\Lib\Template\TagLib.class.php 第 91 行.
NOTIC: [2] Invalid argument supplied for foreach() D:\wamp\apps\adminrightlist\Core\Lib\Template\TagLib.class.php 第 97 行.
NOTIC: [2] explode() expects parameter 2 to be string, array given D:\wamp\apps\adminrightlist\Core\Lib\Template\TagLib.class.php 第 91 行.
NOTIC: [2] Invalid argument supplied for foreach() D:\wamp\apps\adminrightlist\Core\Lib\Template\TagLib.class.php 第 97 行.
INFO: Run ParseTemplate Behavior [ RunTime:0.033291s ]
INFO: [ view_parse ] --END-- [ RunTime:0.033461s ]
INFO: [ view_filter ] --START--
INFO: Run ContentReplace Behavior [ RunTime:0.000715s ]
INFO: Run TokenBuild Behavior [ RunTime:0.000594s ]
INFO: Run WriteHtmlCache Behavior [ RunTime:0.000701s ]
INFO: Run ShowRuntime Behavior [ RunTime:0.000790s ]
INFO: [ view_filter ] --END-- [ RunTime:0.003109s ]
INFO: [ view_end ] --START--
INFO: Run ShowPageTrace Behavior [ RunTime:0.002043s ]
INFO: [ view_end ] --END-- [ RunTime:0.002210s ]

[ 2015-08-09T22:45:35+08:00 ] 127.0.0.1 /adminrightlist/index.php/index/index/classid/images/line_bg.jpg
INFO: [ route_check ] --START--
INFO: Run CheckRoute Behavior [ RunTime:0.001526s ]
INFO: [ route_check ] --END-- [ RunTime:0.001834s ]
INFO: [ app_begin ] --START--
INFO: Run ReadHtmlCache Behavior [ RunTime:0.000911s ]
INFO: [ app_begin ] --END-- [ RunTime:0.001076s ]
NOTIC: [8] Undefined index: departid D:\wamp\apps\adminrightlist\web\Lib\Action\indexAction.class.php 第 13 行.
NOTIC: [8] Undefined index: projectname D:\wamp\apps\adminrightlist\web\Lib\Action\indexAction.class.php 第 15 行.
SQL: SHOW COLUMNS FROM `jee_depart` [ RunTime:0.002551s ]
SQL: SELECT * FROM `jee_depart`  [ RunTime:0.000661s ]
SQL: SHOW COLUMNS FROM `jee_class` [ RunTime:0.002244s ]
SQL: SELECT * FROM `jee_class`  [ RunTime:0.000390s ]
SQL: SHOW COLUMNS FROM `jee_adminright` [ RunTime:0.002436s ]
SQL: SELECT COUNT(*) AS tp_count FROM `jee_adminright` WHERE ( `classcode` = 'images' ) AND (  (`parentid` IS NULL)  ) LIMIT 1   [ RunTime:0.000311s ]
NOTIC: [2] Missing argument 2 for CommonAction::pagebar(), called in D:\wamp\apps\adminrightlist\web\Lib\Action\indexAction.class.php on line 88 and defined D:\wamp\apps\adminrightlist\web\Lib\Action\CommonAction.class.php 第 163 行.
NOTIC: [8] Undefined variable: pagesize D:\wamp\apps\adminrightlist\web\Lib\Action\CommonAction.class.php 第 166 行.
SQL: SELECT jee_adminright.*,(select count(1) from jee_adminright a where a.parentid=jee_adminright.id ) as haschild,(select names from jee_depart a where a.id=jee_adminright.departid ) as departname FROM `jee_adminright` WHERE ( `classcode` = 'images' ) AND (  (`parentid` IS NULL)  ) ORDER BY id asc LIMIT 0,20   [ RunTime:0.000422s ]
NOTIC: [2] Invalid argument supplied for foreach() D:\wamp\apps\adminrightlist\web\Lib\Action\indexAction.class.php 第 91 行.
INFO: [ view_template ] --START--
INFO: Run LocationTemplate Behavior [ RunTime:0.001021s ]
INFO: [ view_template ] --END-- [ RunTime:0.001123s ]
INFO: [ view_parse ] --START--
NOTIC: [2] explode() expects parameter 2 to be string, array given D:\wamp\apps\adminrightlist\Core\Lib\Template\TagLib.class.php 第 91 行.
NOTIC: [2] Invalid argument supplied for foreach() D:\wamp\apps\adminrightlist\Core\Lib\Template\TagLib.class.php 第 97 行.
NOTIC: [2] explode() expects parameter 2 to be string, array given D:\wamp\apps\adminrightlist\Core\Lib\Template\TagLib.class.php 第 91 行.
NOTIC: [2] Invalid argument supplied for foreach() D:\wamp\apps\adminrightlist\Core\Lib\Template\TagLib.class.php 第 97 行.
INFO: Run ParseTemplate Behavior [ RunTime:0.036117s ]
INFO: [ view_parse ] --END-- [ RunTime:0.036261s ]
INFO: [ view_filter ] --START--
INFO: Run ContentReplace Behavior [ RunTime:0.001069s ]
INFO: Run TokenBuild Behavior [ RunTime:0.000631s ]
INFO: Run WriteHtmlCache Behavior [ RunTime:0.000463s ]
INFO: Run ShowRuntime Behavior [ RunTime:0.000778s ]
INFO: [ view_filter ] --END-- [ RunTime:0.003285s ]
INFO: [ view_end ] --START--
INFO: Run ShowPageTrace Behavior [ RunTime:0.000679s ]
INFO: [ view_end ] --END-- [ RunTime:0.000773s ]

[ 2015-08-09T22:45:36+08:00 ] 127.0.0.1 /adminrightlist/index.php/index/index/classid/831
INFO: [ route_check ] --START--
INFO: Run CheckRoute Behavior [ RunTime:0.000950s ]
INFO: [ route_check ] --END-- [ RunTime:0.001125s ]
INFO: [ app_begin ] --START--
INFO: Run ReadHtmlCache Behavior [ RunTime:0.000626s ]
INFO: [ app_begin ] --END-- [ RunTime:0.000728s ]
NOTIC: [8] Undefined index: departid D:\wamp\apps\adminrightlist\web\Lib\Action\indexAction.class.php 第 13 行.
NOTIC: [8] Undefined index: projectname D:\wamp\apps\adminrightlist\web\Lib\Action\indexAction.class.php 第 15 行.
SQL: SHOW COLUMNS FROM `jee_depart` [ RunTime:0.002743s ]
SQL: SELECT * FROM `jee_depart`  [ RunTime:0.000526s ]
SQL: SHOW COLUMNS FROM `jee_class` [ RunTime:0.002262s ]
SQL: SELECT * FROM `jee_class`  [ RunTime:0.000392s ]
SQL: SHOW COLUMNS FROM `jee_adminright` [ RunTime:0.003510s ]
SQL: SELECT COUNT(*) AS tp_count FROM `jee_adminright` WHERE ( `classcode` = '831' ) AND (  (`parentid` IS NULL)  ) LIMIT 1   [ RunTime:0.000459s ]
NOTIC: [2] Missing argument 2 for CommonAction::pagebar(), called in D:\wamp\apps\adminrightlist\web\Lib\Action\indexAction.class.php on line 88 and defined D:\wamp\apps\adminrightlist\web\Lib\Action\CommonAction.class.php 第 163 行.
NOTIC: [8] Undefined variable: pagesize D:\wamp\apps\adminrightlist\web\Lib\Action\CommonAction.class.php 第 166 行.
SQL: SELECT jee_adminright.*,(select count(1) from jee_adminright a where a.parentid=jee_adminright.id ) as haschild,(select names from jee_depart a where a.id=jee_adminright.departid ) as departname FROM `jee_adminright` WHERE ( `classcode` = '831' ) AND (  (`parentid` IS NULL)  ) ORDER BY id asc LIMIT 0,20   [ RunTime:0.000762s ]
NOTIC: [2] Invalid argument supplied for foreach() D:\wamp\apps\adminrightlist\web\Lib\Action\indexAction.class.php 第 91 行.
INFO: [ view_template ] --START--
INFO: Run LocationTemplate Behavior [ RunTime:0.001015s ]
INFO: [ view_template ] --END-- [ RunTime:0.001114s ]
INFO: [ view_parse ] --START--
NOTIC: [2] explode() expects parameter 2 to be string, array given D:\wamp\apps\adminrightlist\Core\Lib\Template\TagLib.class.php 第 91 行.
NOTIC: [2] Invalid argument supplied for foreach() D:\wamp\apps\adminrightlist\Core\Lib\Template\TagLib.class.php 第 97 行.
NOTIC: [2] explode() expects parameter 2 to be string, array given D:\wamp\apps\adminrightlist\Core\Lib\Template\TagLib.class.php 第 91 行.
NOTIC: [2] Invalid argument supplied for foreach() D:\wamp\apps\adminrightlist\Core\Lib\Template\TagLib.class.php 第 97 行.
INFO: Run ParseTemplate Behavior [ RunTime:0.034825s ]
INFO: [ view_parse ] --END-- [ RunTime:0.034937s ]
INFO: [ view_filter ] --START--
INFO: Run ContentReplace Behavior [ RunTime:0.000697s ]
INFO: Run TokenBuild Behavior [ RunTime:0.000499s ]
INFO: Run WriteHtmlCache Behavior [ RunTime:0.000354s ]
INFO: Run ShowRuntime Behavior [ RunTime:0.000600s ]
INFO: [ view_filter ] --END-- [ RunTime:0.002390s ]
INFO: [ view_end ] --START--
INFO: Run ShowPageTrace Behavior [ RunTime:0.000635s ]
INFO: [ view_end ] --END-- [ RunTime:0.000724s ]

[ 2015-08-09T22:45:36+08:00 ] 127.0.0.1 /adminrightlist/index.php/index/index/classid/images/line_bg.jpg
INFO: [ route_check ] --START--
INFO: Run CheckRoute Behavior [ RunTime:0.001582s ]
INFO: [ route_check ] --END-- [ RunTime:0.002029s ]
INFO: [ app_begin ] --START--
INFO: Run ReadHtmlCache Behavior [ RunTime:0.002052s ]
INFO: [ app_begin ] --END-- [ RunTime:0.002306s ]
NOTIC: [8] Undefined index: departid D:\wamp\apps\adminrightlist\web\Lib\Action\indexAction.class.php 第 13 行.
NOTIC: [8] Undefined index: projectname D:\wamp\apps\adminrightlist\web\Lib\Action\indexAction.class.php 第 15 行.
SQL: SHOW COLUMNS FROM `jee_depart` [ RunTime:0.002711s ]
SQL: SELECT * FROM `jee_depart`  [ RunTime:0.000762s ]
SQL: SHOW COLUMNS FROM `jee_class` [ RunTime:0.004256s ]
SQL: SELECT * FROM `jee_class`  [ RunTime:0.000751s ]
SQL: SHOW COLUMNS FROM `jee_adminright` [ RunTime:0.003941s ]
SQL: SELECT COUNT(*) AS tp_count FROM `jee_adminright` WHERE ( `classcode` = 'images' ) AND (  (`parentid` IS NULL)  ) LIMIT 1   [ RunTime:0.000441s ]
NOTIC: [2] Missing argument 2 for CommonAction::pagebar(), called in D:\wamp\apps\adminrightlist\web\Lib\Action\indexAction.class.php on line 88 and defined D:\wamp\apps\adminrightlist\web\Lib\Action\CommonAction.class.php 第 163 行.
NOTIC: [8] Undefined variable: pagesize D:\wamp\apps\adminrightlist\web\Lib\Action\CommonAction.class.php 第 166 行.
SQL: SELECT jee_adminright.*,(select count(1) from jee_adminright a where a.parentid=jee_adminright.id ) as haschild,(select names from jee_depart a where a.id=jee_adminright.departid ) as departname FROM `jee_adminright` WHERE ( `classcode` = 'images' ) AND (  (`parentid` IS NULL)  ) ORDER BY id asc LIMIT 0,20   [ RunTime:0.000644s ]
NOTIC: [2] Invalid argument supplied for foreach() D:\wamp\apps\adminrightlist\web\Lib\Action\indexAction.class.php 第 91 行.
INFO: [ view_template ] --START--
INFO: Run LocationTemplate Behavior [ RunTime:0.000989s ]
INFO: [ view_template ] --END-- [ RunTime:0.001092s ]
INFO: [ view_parse ] --START--
NOTIC: [2] explode() expects parameter 2 to be string, array given D:\wamp\apps\adminrightlist\Core\Lib\Template\TagLib.class.php 第 91 行.
NOTIC: [2] Invalid argument supplied for foreach() D:\wamp\apps\adminrightlist\Core\Lib\Template\TagLib.class.php 第 97 行.
NOTIC: [2] explode() expects parameter 2 to be string, array given D:\wamp\apps\adminrightlist\Core\Lib\Template\TagLib.class.php 第 91 行.
NOTIC: [2] Invalid argument supplied for foreach() D:\wamp\apps\adminrightlist\Core\Lib\Template\TagLib.class.php 第 97 行.
INFO: Run ParseTemplate Behavior [ RunTime:0.035910s ]
INFO: [ view_parse ] --END-- [ RunTime:0.036027s ]
INFO: [ view_filter ] --START--
INFO: Run ContentReplace Behavior [ RunTime:0.001063s ]
INFO: Run TokenBuild Behavior [ RunTime:0.000688s ]
INFO: Run WriteHtmlCache Behavior [ RunTime:0.000584s ]
INFO: Run ShowRuntime Behavior [ RunTime:0.000889s ]
INFO: [ view_filter ] --END-- [ RunTime:0.003600s ]
INFO: [ view_end ] --START--
INFO: Run ShowPageTrace Behavior [ RunTime:0.000765s ]
INFO: [ view_end ] --END-- [ RunTime:0.000864s ]

[ 2015-08-09T22:45:38+08:00 ] 127.0.0.1 /adminrightlist/index.php/index/index/classid/828
INFO: [ route_check ] --START--
INFO: Run CheckRoute Behavior [ RunTime:0.001312s ]
INFO: [ route_check ] --END-- [ RunTime:0.001524s ]
INFO: [ app_begin ] --START--
INFO: Run ReadHtmlCache Behavior [ RunTime:0.000611s ]
INFO: [ app_begin ] --END-- [ RunTime:0.000708s ]
NOTIC: [8] Undefined index: departid D:\wamp\apps\adminrightlist\web\Lib\Action\indexAction.class.php 第 13 行.
NOTIC: [8] Undefined index: projectname D:\wamp\apps\adminrightlist\web\Lib\Action\indexAction.class.php 第 15 行.
SQL: SHOW COLUMNS FROM `jee_depart` [ RunTime:0.002705s ]
SQL: SELECT * FROM `jee_depart`  [ RunTime:0.000563s ]
SQL: SHOW COLUMNS FROM `jee_class` [ RunTime:0.002248s ]
SQL: SELECT * FROM `jee_class`  [ RunTime:0.000464s ]
SQL: SHOW COLUMNS FROM `jee_adminright` [ RunTime:0.002555s ]
SQL: SELECT COUNT(*) AS tp_count FROM `jee_adminright` WHERE ( `classcode` = '828' ) AND (  (`parentid` IS NULL)  ) LIMIT 1   [ RunTime:0.000464s ]
NOTIC: [2] Missing argument 2 for CommonAction::pagebar(), called in D:\wamp\apps\adminrightlist\web\Lib\Action\indexAction.class.php on line 88 and defined D:\wamp\apps\adminrightlist\web\Lib\Action\CommonAction.class.php 第 163 行.
NOTIC: [8] Undefined variable: pagesize D:\wamp\apps\adminrightlist\web\Lib\Action\CommonAction.class.php 第 166 行.
SQL: SELECT jee_adminright.*,(select count(1) from jee_adminright a where a.parentid=jee_adminright.id ) as haschild,(select names from jee_depart a where a.id=jee_adminright.departid ) as departname FROM `jee_adminright` WHERE ( `classcode` = '828' ) AND (  (`parentid` IS NULL)  ) ORDER BY id asc LIMIT 0,20   [ RunTime:0.000476s ]
NOTIC: [2] Invalid argument supplied for foreach() D:\wamp\apps\adminrightlist\web\Lib\Action\indexAction.class.php 第 91 行.
INFO: [ view_template ] --START--
INFO: Run LocationTemplate Behavior [ RunTime:0.000981s ]
INFO: [ view_template ] --END-- [ RunTime:0.001078s ]
INFO: [ view_parse ] --START--
NOTIC: [2] explode() expects parameter 2 to be string, array given D:\wamp\apps\adminrightlist\Core\Lib\Template\TagLib.class.php 第 91 行.
NOTIC: [2] Invalid argument supplied for foreach() D:\wamp\apps\adminrightlist\Core\Lib\Template\TagLib.class.php 第 97 行.
NOTIC: [2] explode() expects parameter 2 to be string, array given D:\wamp\apps\adminrightlist\Core\Lib\Template\TagLib.class.php 第 91 行.
NOTIC: [2] Invalid argument supplied for foreach() D:\wamp\apps\adminrightlist\Core\Lib\Template\TagLib.class.php 第 97 行.
INFO: Run ParseTemplate Behavior [ RunTime:0.032979s ]
INFO: [ view_parse ] --END-- [ RunTime:0.033087s ]
INFO: [ view_filter ] --START--
INFO: Run ContentReplace Behavior [ RunTime:0.000659s ]
INFO: Run TokenBuild Behavior [ RunTime:0.000477s ]
INFO: Run WriteHtmlCache Behavior [ RunTime:0.000388s ]
INFO: Run ShowRuntime Behavior [ RunTime:0.000791s ]
INFO: [ view_filter ] --END-- [ RunTime:0.002606s ]
INFO: [ view_end ] --START--
INFO: Run ShowPageTrace Behavior [ RunTime:0.000855s ]
INFO: [ view_end ] --END-- [ RunTime:0.000958s ]

[ 2015-08-09T22:45:38+08:00 ] 127.0.0.1 /adminrightlist/index.php/index/index/classid/images/line_bg.jpg
INFO: [ route_check ] --START--
INFO: Run CheckRoute Behavior [ RunTime:0.001337s ]
INFO: [ route_check ] --END-- [ RunTime:0.001543s ]
INFO: [ app_begin ] --START--
INFO: Run ReadHtmlCache Behavior [ RunTime:0.000819s ]
INFO: [ app_begin ] --END-- [ RunTime:0.001008s ]
NOTIC: [8] Undefined index: departid D:\wamp\apps\adminrightlist\web\Lib\Action\indexAction.class.php 第 13 行.
NOTIC: [8] Undefined index: projectname D:\wamp\apps\adminrightlist\web\Lib\Action\indexAction.class.php 第 15 行.
SQL: SHOW COLUMNS FROM `jee_depart` [ RunTime:0.003485s ]
SQL: SELECT * FROM `jee_depart`  [ RunTime:0.000752s ]
SQL: SHOW COLUMNS FROM `jee_class` [ RunTime:0.002559s ]
SQL: SELECT * FROM `jee_class`  [ RunTime:0.000825s ]
SQL: SHOW COLUMNS FROM `jee_adminright` [ RunTime:0.003867s ]
SQL: SELECT COUNT(*) AS tp_count FROM `jee_adminright` WHERE ( `classcode` = 'images' ) AND (  (`parentid` IS NULL)  ) LIMIT 1   [ RunTime:0.000502s ]
NOTIC: [2] Missing argument 2 for CommonAction::pagebar(), called in D:\wamp\apps\adminrightlist\web\Lib\Action\indexAction.class.php on line 88 and defined D:\wamp\apps\adminrightlist\web\Lib\Action\CommonAction.class.php 第 163 行.
NOTIC: [8] Undefined variable: pagesize D:\wamp\apps\adminrightlist\web\Lib\Action\CommonAction.class.php 第 166 行.
SQL: SELECT jee_adminright.*,(select count(1) from jee_adminright a where a.parentid=jee_adminright.id ) as haschild,(select names from jee_depart a where a.id=jee_adminright.departid ) as departname FROM `jee_adminright` WHERE ( `classcode` = 'images' ) AND (  (`parentid` IS NULL)  ) ORDER BY id asc LIMIT 0,20   [ RunTime:0.000758s ]
NOTIC: [2] Invalid argument supplied for foreach() D:\wamp\apps\adminrightlist\web\Lib\Action\indexAction.class.php 第 91 行.
INFO: [ view_template ] --START--
INFO: Run LocationTemplate Behavior [ RunTime:0.001596s ]
INFO: [ view_template ] --END-- [ RunTime:0.001735s ]
INFO: [ view_parse ] --START--
NOTIC: [2] explode() expects parameter 2 to be string, array given D:\wamp\apps\adminrightlist\Core\Lib\Template\TagLib.class.php 第 91 行.
NOTIC: [2] Invalid argument supplied for foreach() D:\wamp\apps\adminrightlist\Core\Lib\Template\TagLib.class.php 第 97 行.
NOTIC: [2] explode() expects parameter 2 to be string, array given D:\wamp\apps\adminrightlist\Core\Lib\Template\TagLib.class.php 第 91 行.
NOTIC: [2] Invalid argument supplied for foreach() D:\wamp\apps\adminrightlist\Core\Lib\Template\TagLib.class.php 第 97 行.
INFO: Run ParseTemplate Behavior [ RunTime:0.034643s ]
INFO: [ view_parse ] --END-- [ RunTime:0.034756s ]
INFO: [ view_filter ] --START--
INFO: Run ContentReplace Behavior [ RunTime:0.001028s ]
INFO: Run TokenBuild Behavior [ RunTime:0.000631s ]
INFO: Run WriteHtmlCache Behavior [ RunTime:0.000393s ]
INFO: Run ShowRuntime Behavior [ RunTime:0.000587s ]
INFO: [ view_filter ] --END-- [ RunTime:0.002933s ]
INFO: [ view_end ] --START--
INFO: Run ShowPageTrace Behavior [ RunTime:0.000628s ]
INFO: [ view_end ] --END-- [ RunTime:0.000721s ]

[ 2015-08-09T22:45:39+08:00 ] 127.0.0.1 /adminrightlist/index.php/index/index/classid/824
INFO: [ route_check ] --START--
INFO: Run CheckRoute Behavior [ RunTime:0.001136s ]
INFO: [ route_check ] --END-- [ RunTime:0.001317s ]
INFO: [ app_begin ] --START--
INFO: Run ReadHtmlCache Behavior [ RunTime:0.000594s ]
INFO: [ app_begin ] --END-- [ RunTime:0.000691s ]
NOTIC: [8] Undefined index: departid D:\wamp\apps\adminrightlist\web\Lib\Action\indexAction.class.php 第 13 行.
NOTIC: [8] Undefined index: projectname D:\wamp\apps\adminrightlist\web\Lib\Action\indexAction.class.php 第 15 行.
SQL: SHOW COLUMNS FROM `jee_depart` [ RunTime:0.002889s ]
SQL: SELECT * FROM `jee_depart`  [ RunTime:0.000577s ]
SQL: SHOW COLUMNS FROM `jee_class` [ RunTime:0.002272s ]
SQL: SELECT * FROM `jee_class`  [ RunTime:0.000447s ]
SQL: SHOW COLUMNS FROM `jee_adminright` [ RunTime:0.002660s ]
SQL: SELECT COUNT(*) AS tp_count FROM `jee_adminright` WHERE ( `classcode` = '824' ) AND (  (`parentid` IS NULL)  ) LIMIT 1   [ RunTime:0.000401s ]
NOTIC: [2] Missing argument 2 for CommonAction::pagebar(), called in D:\wamp\apps\adminrightlist\web\Lib\Action\indexAction.class.php on line 88 and defined D:\wamp\apps\adminrightlist\web\Lib\Action\CommonAction.class.php 第 163 行.
NOTIC: [8] Undefined variable: pagesize D:\wamp\apps\adminrightlist\web\Lib\Action\CommonAction.class.php 第 166 行.
SQL: SELECT jee_adminright.*,(select count(1) from jee_adminright a where a.parentid=jee_adminright.id ) as haschild,(select names from jee_depart a where a.id=jee_adminright.departid ) as departname FROM `jee_adminright` WHERE ( `classcode` = '824' ) AND (  (`parentid` IS NULL)  ) ORDER BY id asc LIMIT 0,20   [ RunTime:0.001315s ]
NOTIC: [2] Invalid argument supplied for foreach() D:\wamp\apps\adminrightlist\web\Lib\Action\indexAction.class.php 第 91 行.
INFO: [ view_template ] --START--
INFO: Run LocationTemplate Behavior [ RunTime:0.001612s ]
INFO: [ view_template ] --END-- [ RunTime:0.001823s ]
INFO: [ view_parse ] --START--
NOTIC: [2] explode() expects parameter 2 to be string, array given D:\wamp\apps\adminrightlist\Core\Lib\Template\TagLib.class.php 第 91 行.
NOTIC: [2] Invalid argument supplied for foreach() D:\wamp\apps\adminrightlist\Core\Lib\Template\TagLib.class.php 第 97 行.
NOTIC: [2] explode() expects parameter 2 to be string, array given D:\wamp\apps\adminrightlist\Core\Lib\Template\TagLib.class.php 第 91 行.
NOTIC: [2] Invalid argument supplied for foreach() D:\wamp\apps\adminrightlist\Core\Lib\Template\TagLib.class.php 第 97 行.
INFO: Run ParseTemplate Behavior [ RunTime:0.032699s ]
INFO: [ view_parse ] --END-- [ RunTime:0.032851s ]
INFO: [ view_filter ] --START--
INFO: Run ContentReplace Behavior [ RunTime:0.000735s ]
INFO: Run TokenBuild Behavior [ RunTime:0.000559s ]
INFO: Run WriteHtmlCache Behavior [ RunTime:0.000353s ]
INFO: Run ShowRuntime Behavior [ RunTime:0.000579s ]
INFO: [ view_filter ] --END-- [ RunTime:0.002485s ]
INFO: [ view_end ] --START--
INFO: Run ShowPageTrace Behavior [ RunTime:0.000656s ]
INFO: [ view_end ] --END-- [ RunTime:0.000745s ]

[ 2015-08-09T22:45:40+08:00 ] 127.0.0.1 /adminrightlist/index.php/index/index/classid/images/line_bg.jpg
INFO: [ route_check ] --START--
INFO: Run CheckRoute Behavior [ RunTime:0.001499s ]
INFO: [ route_check ] --END-- [ RunTime:0.001704s ]
INFO: [ app_begin ] --START--
INFO: Run ReadHtmlCache Behavior [ RunTime:0.003666s ]
INFO: [ app_begin ] --END-- [ RunTime:0.003998s ]
NOTIC: [8] Undefined index: departid D:\wamp\apps\adminrightlist\web\Lib\Action\indexAction.class.php 第 13 行.
NOTIC: [8] Undefined index: projectname D:\wamp\apps\adminrightlist\web\Lib\Action\indexAction.class.php 第 15 行.
SQL: SHOW COLUMNS FROM `jee_depart` [ RunTime:0.002296s ]
SQL: SELECT * FROM `jee_depart`  [ RunTime:0.000516s ]
SQL: SHOW COLUMNS FROM `jee_class` [ RunTime:0.003017s ]
SQL: SELECT * FROM `jee_class`  [ RunTime:0.000566s ]
SQL: SHOW COLUMNS FROM `jee_adminright` [ RunTime:0.005077s ]
SQL: SELECT COUNT(*) AS tp_count FROM `jee_adminright` WHERE ( `classcode` = 'images' ) AND (  (`parentid` IS NULL)  ) LIMIT 1   [ RunTime:0.000439s ]
NOTIC: [2] Missing argument 2 for CommonAction::pagebar(), called in D:\wamp\apps\adminrightlist\web\Lib\Action\indexAction.class.php on line 88 and defined D:\wamp\apps\adminrightlist\web\Lib\Action\CommonAction.class.php 第 163 行.
NOTIC: [8] Undefined variable: pagesize D:\wamp\apps\adminrightlist\web\Lib\Action\CommonAction.class.php 第 166 行.
SQL: SELECT jee_adminright.*,(select count(1) from jee_adminright a where a.parentid=jee_adminright.id ) as haschild,(select names from jee_depart a where a.id=jee_adminright.departid ) as departname FROM `jee_adminright` WHERE ( `classcode` = 'images' ) AND (  (`parentid` IS NULL)  ) ORDER BY id asc LIMIT 0,20   [ RunTime:0.000475s ]
NOTIC: [2] Invalid argument supplied for foreach() D:\wamp\apps\adminrightlist\web\Lib\Action\indexAction.class.php 第 91 行.
INFO: [ view_template ] --START--
INFO: Run LocationTemplate Behavior [ RunTime:0.000988s ]
INFO: [ view_template ] --END-- [ RunTime:0.001086s ]
INFO: [ view_parse ] --START--
NOTIC: [2] explode() expects parameter 2 to be string, array given D:\wamp\apps\adminrightlist\Core\Lib\Template\TagLib.class.php 第 91 行.
NOTIC: [2] Invalid argument supplied for foreach() D:\wamp\apps\adminrightlist\Core\Lib\Template\TagLib.class.php 第 97 行.
NOTIC: [2] explode() expects parameter 2 to be string, array given D:\wamp\apps\adminrightlist\Core\Lib\Template\TagLib.class.php 第 91 行.
NOTIC: [2] Invalid argument supplied for foreach() D:\wamp\apps\adminrightlist\Core\Lib\Template\TagLib.class.php 第 97 行.
INFO: Run ParseTemplate Behavior [ RunTime:0.038158s ]
INFO: [ view_parse ] --END-- [ RunTime:0.038272s ]
INFO: [ view_filter ] --START--
INFO: Run ContentReplace Behavior [ RunTime:0.000944s ]
INFO: Run TokenBuild Behavior [ RunTime:0.000581s ]
INFO: Run WriteHtmlCache Behavior [ RunTime:0.000411s ]
INFO: Run ShowRuntime Behavior [ RunTime:0.000606s ]
INFO: [ view_filter ] --END-- [ RunTime:0.002872s ]
INFO: [ view_end ] --START--
INFO: Run ShowPageTrace Behavior [ RunTime:0.000656s ]
INFO: [ view_end ] --END-- [ RunTime:0.000765s ]

[ 2015-08-09T22:45:43+08:00 ] 127.0.0.1 /adminrightlist/index.php/index/index/classid/822
INFO: [ route_check ] --START--
INFO: Run CheckRoute Behavior [ RunTime:0.000824s ]
INFO: [ route_check ] --END-- [ RunTime:0.001018s ]
INFO: [ app_begin ] --START--
INFO: Run ReadHtmlCache Behavior [ RunTime:0.000634s ]
INFO: [ app_begin ] --END-- [ RunTime:0.000735s ]
NOTIC: [8] Undefined index: departid D:\wamp\apps\adminrightlist\web\Lib\Action\indexAction.class.php 第 13 行.
NOTIC: [8] Undefined index: projectname D:\wamp\apps\adminrightlist\web\Lib\Action\indexAction.class.php 第 15 行.
SQL: SHOW COLUMNS FROM `jee_depart` [ RunTime:0.002369s ]
SQL: SELECT * FROM `jee_depart`  [ RunTime:0.000828s ]
SQL: SHOW COLUMNS FROM `jee_class` [ RunTime:0.003139s ]
SQL: SELECT * FROM `jee_class`  [ RunTime:0.000992s ]
SQL: SHOW COLUMNS FROM `jee_adminright` [ RunTime:0.003864s ]
SQL: SELECT COUNT(*) AS tp_count FROM `jee_adminright` WHERE ( `classcode` = '822' ) AND (  (`parentid` IS NULL)  ) LIMIT 1   [ RunTime:0.000399s ]
NOTIC: [2] Missing argument 2 for CommonAction::pagebar(), called in D:\wamp\apps\adminrightlist\web\Lib\Action\indexAction.class.php on line 88 and defined D:\wamp\apps\adminrightlist\web\Lib\Action\CommonAction.class.php 第 163 行.
NOTIC: [8] Undefined variable: pagesize D:\wamp\apps\adminrightlist\web\Lib\Action\CommonAction.class.php 第 166 行.
SQL: SELECT jee_adminright.*,(select count(1) from jee_adminright a where a.parentid=jee_adminright.id ) as haschild,(select names from jee_depart a where a.id=jee_adminright.departid ) as departname FROM `jee_adminright` WHERE ( `classcode` = '822' ) AND (  (`parentid` IS NULL)  ) ORDER BY id asc LIMIT 0,20   [ RunTime:0.000877s ]
SQL: SELECT jee_adminright.*,(select count(1) from jee_adminright a where a.parentid=jee_adminright.id ) as haschild,(select names from jee_depart a where a.id=jee_adminright.departid ) as departname FROM `jee_adminright` WHERE ( `parentid` = 1 ) ORDER BY id asc  [ RunTime:0.000354s ]
SQL: SELECT jee_adminright.*,(select count(1) from jee_adminright a where a.parentid=jee_adminright.id ) as haschild,(select names from jee_depart a where a.id=jee_adminright.departid ) as departname FROM `jee_adminright` WHERE ( `parentid` = 2 ) ORDER BY id asc  [ RunTime:0.000368s ]
SQL: SELECT jee_adminright.*,(select count(1) from jee_adminright a where a.parentid=jee_adminright.id ) as haschild,(select names from jee_depart a where a.id=jee_adminright.departid ) as departname FROM `jee_adminright` WHERE ( `parentid` = 5 ) ORDER BY id asc  [ RunTime:0.000408s ]
SQL: SELECT jee_adminright.*,(select count(1) from jee_adminright a where a.parentid=jee_adminright.id ) as haschild,(select names from jee_depart a where a.id=jee_adminright.departid ) as departname FROM `jee_adminright` WHERE ( `parentid` = 19 ) ORDER BY id asc  [ RunTime:0.000433s ]
SQL: SELECT jee_adminright.*,(select count(1) from jee_adminright a where a.parentid=jee_adminright.id ) as haschild,(select names from jee_depart a where a.id=jee_adminright.departid ) as departname FROM `jee_adminright` WHERE ( `parentid` = 35 ) ORDER BY id asc  [ RunTime:0.000385s ]
SQL: SELECT jee_adminright.*,(select count(1) from jee_adminright a where a.parentid=jee_adminright.id ) as haschild,(select names from jee_depart a where a.id=jee_adminright.departid ) as departname FROM `jee_adminright` WHERE ( `parentid` = 38 ) ORDER BY id asc  [ RunTime:0.000380s ]
INFO: [ view_template ] --START--
INFO: Run LocationTemplate Behavior [ RunTime:0.001065s ]
INFO: [ view_template ] --END-- [ RunTime:0.001172s ]
INFO: [ view_parse ] --START--
NOTIC: [2] explode() expects parameter 2 to be string, array given D:\wamp\apps\adminrightlist\Core\Lib\Template\TagLib.class.php 第 91 行.
NOTIC: [2] Invalid argument supplied for foreach() D:\wamp\apps\adminrightlist\Core\Lib\Template\TagLib.class.php 第 97 行.
NOTIC: [2] explode() expects parameter 2 to be string, array given D:\wamp\apps\adminrightlist\Core\Lib\Template\TagLib.class.php 第 91 行.
NOTIC: [2] Invalid argument supplied for foreach() D:\wamp\apps\adminrightlist\Core\Lib\Template\TagLib.class.php 第 97 行.
NOTIC: [8] Undefined index: haschild D:\wamp\apps\adminrightlist\Cache\web\Cache\bdce314cff21ffbe05a2338928593332.php 第 119 行.
NOTIC: [8] Undefined index: haschild D:\wamp\apps\adminrightlist\Cache\web\Cache\bdce314cff21ffbe05a2338928593332.php 第 119 行.
NOTIC: [8] Undefined index: haschild D:\wamp\apps\adminrightlist\Cache\web\Cache\bdce314cff21ffbe05a2338928593332.php 第 119 行.
NOTIC: [8] Undefined index: haschild D:\wamp\apps\adminrightlist\Cache\web\Cache\bdce314cff21ffbe05a2338928593332.php 第 119 行.
NOTIC: [8] Undefined index: haschild D:\wamp\apps\adminrightlist\Cache\web\Cache\bdce314cff21ffbe05a2338928593332.php 第 119 行.
NOTIC: [8] Undefined index: haschild D:\wamp\apps\adminrightlist\Cache\web\Cache\bdce314cff21ffbe05a2338928593332.php 第 119 行.
NOTIC: [8] Undefined index: haschild D:\wamp\apps\adminrightlist\Cache\web\Cache\bdce314cff21ffbe05a2338928593332.php 第 119 行.
NOTIC: [8] Undefined index: haschild D:\wamp\apps\adminrightlist\Cache\web\Cache\bdce314cff21ffbe05a2338928593332.php 第 119 行.
NOTIC: [8] Undefined index: haschild D:\wamp\apps\adminrightlist\Cache\web\Cache\bdce314cff21ffbe05a2338928593332.php 第 119 行.
NOTIC: [8] Undefined index: haschild D:\wamp\apps\adminrightlist\Cache\web\Cache\bdce314cff21ffbe05a2338928593332.php 第 119 行.
NOTIC: [8] Undefined index: haschild D:\wamp\apps\adminrightlist\Cache\web\Cache\bdce314cff21ffbe05a2338928593332.php 第 119 行.
NOTIC: [8] Undefined index: haschild D:\wamp\apps\adminrightlist\Cache\web\Cache\bdce314cff21ffbe05a2338928593332.php 第 119 行.
INFO: Run ParseTemplate Behavior [ RunTime:0.033429s ]
INFO: [ view_parse ] --END-- [ RunTime:0.033532s ]
INFO: [ view_filter ] --START--
INFO: Run ContentReplace Behavior [ RunTime:0.000912s ]
INFO: Run TokenBuild Behavior [ RunTime:0.000955s ]
INFO: Run WriteHtmlCache Behavior [ RunTime:0.000413s ]
INFO: Run ShowRuntime Behavior [ RunTime:0.000660s ]
INFO: [ view_filter ] --END-- [ RunTime:0.003267s ]
INFO: [ view_end ] --START--
INFO: Run ShowPageTrace Behavior [ RunTime:0.000674s ]
INFO: [ view_end ] --END-- [ RunTime:0.000765s ]

[ 2015-08-09T22:45:43+08:00 ] 127.0.0.1 /adminrightlist/index.php/index/index/classid/images/line_bg.jpg
INFO: [ route_check ] --START--
INFO: Run CheckRoute Behavior [ RunTime:0.001766s ]
INFO: [ route_check ] --END-- [ RunTime:0.002021s ]
INFO: [ app_begin ] --START--
INFO: Run ReadHtmlCache Behavior [ RunTime:0.002029s ]
INFO: [ app_begin ] --END-- [ RunTime:0.002304s ]
NOTIC: [8] Undefined index: departid D:\wamp\apps\adminrightlist\web\Lib\Action\indexAction.class.php 第 13 行.
NOTIC: [8] Undefined index: projectname D:\wamp\apps\adminrightlist\web\Lib\Action\indexAction.class.php 第 15 行.
SQL: SHOW COLUMNS FROM `jee_depart` [ RunTime:0.003356s ]
SQL: SELECT * FROM `jee_depart`  [ RunTime:0.000923s ]
SQL: SHOW COLUMNS FROM `jee_class` [ RunTime:0.003399s ]
SQL: SELECT * FROM `jee_class`  [ RunTime:0.000472s ]
SQL: SHOW COLUMNS FROM `jee_adminright` [ RunTime:0.002902s ]
SQL: SELECT COUNT(*) AS tp_count FROM `jee_adminright` WHERE ( `classcode` = 'images' ) AND (  (`parentid` IS NULL)  ) LIMIT 1   [ RunTime:0.000377s ]
NOTIC: [2] Missing argument 2 for CommonAction::pagebar(), called in D:\wamp\apps\adminrightlist\web\Lib\Action\indexAction.class.php on line 88 and defined D:\wamp\apps\adminrightlist\web\Lib\Action\CommonAction.class.php 第 163 行.
NOTIC: [8] Undefined variable: pagesize D:\wamp\apps\adminrightlist\web\Lib\Action\CommonAction.class.php 第 166 行.
SQL: SELECT jee_adminright.*,(select count(1) from jee_adminright a where a.parentid=jee_adminright.id ) as haschild,(select names from jee_depart a where a.id=jee_adminright.departid ) as departname FROM `jee_adminright` WHERE ( `classcode` = 'images' ) AND (  (`parentid` IS NULL)  ) ORDER BY id asc LIMIT 0,20   [ RunTime:0.000475s ]
NOTIC: [2] Invalid argument supplied for foreach() D:\wamp\apps\adminrightlist\web\Lib\Action\indexAction.class.php 第 91 行.
INFO: [ view_template ] --START--
INFO: Run LocationTemplate Behavior [ RunTime:0.000990s ]
INFO: [ view_template ] --END-- [ RunTime:0.001091s ]
INFO: [ view_parse ] --START--
NOTIC: [2] explode() expects parameter 2 to be string, array given D:\wamp\apps\adminrightlist\Core\Lib\Template\TagLib.class.php 第 91 行.
NOTIC: [2] Invalid argument supplied for foreach() D:\wamp\apps\adminrightlist\Core\Lib\Template\TagLib.class.php 第 97 行.
NOTIC: [2] explode() expects parameter 2 to be string, array given D:\wamp\apps\adminrightlist\Core\Lib\Template\TagLib.class.php 第 91 行.
NOTIC: [2] Invalid argument supplied for foreach() D:\wamp\apps\adminrightlist\Core\Lib\Template\TagLib.class.php 第 97 行.
INFO: Run ParseTemplate Behavior [ RunTime:0.033197s ]
INFO: [ view_parse ] --END-- [ RunTime:0.033307s ]
INFO: [ view_filter ] --START--
INFO: Run ContentReplace Behavior [ RunTime:0.000640s ]
INFO: Run TokenBuild Behavior [ RunTime:0.000660s ]
INFO: Run WriteHtmlCache Behavior [ RunTime:0.000540s ]
INFO: Run ShowRuntime Behavior [ RunTime:0.000947s ]
INFO: [ view_filter ] --END-- [ RunTime:0.003166s ]
INFO: [ view_end ] --START--
INFO: Run ShowPageTrace Behavior [ RunTime:0.000890s ]
INFO: [ view_end ] --END-- [ RunTime:0.001111s ]

